2024-02-16 22:17:09 [34mINFO [0;39m [36mplay.api.http.EnabledFilters[0;39m [35m[0;39m Enabled Filters (see <https://www.playframework.com/documentation/latest/Filters>):

    play.filters.csrf.CSRFFilter
    play.filters.headers.SecurityHeadersFilter
    play.filters.hosts.AllowedHostsFilter

2024-02-16 22:17:09 [34mINFO [0;39m [36mplay.api.Play[0;39m [35m[0;39m Application started (Dev) (no global state)
2024-02-16 22:22:27 [1;31mERROR[0;39m [36mplay.api.http.DevHttpErrorHandler[0;39m [35m[0;39m 

! @84hbf42pc - Internal server error, for (GET) [/hello] ->
 
play.sbt.PlayExceptions$CompilationException: Compilation error[not found: value name]
	at play.sbt.PlayExceptions$CompilationException$.apply(PlayExceptions.scala:28)
	at play.sbt.PlayExceptions$CompilationException$.apply(PlayExceptions.scala:28)
	at scala.Option.map(Option.scala:230)
	at play.sbt.run.PlayReload$.$anonfun$taskFailureHandler$8(PlayReload.scala:119)
	at scala.Option.map(Option.scala:230)
	at play.sbt.run.PlayReload$.taskFailureHandler(PlayReload.scala:92)
	at play.sbt.run.PlayReload$.$anonfun$compile$3(PlayReload.scala:144)
	at scala.util.Either$LeftProjection.map(Either.scala:573)
	at play.sbt.run.PlayReload$.compile(PlayReload.scala:144)
	at sbt.PlayRun$.$anonfun$playRunTask$5(PlayRun.scala:99)
	at play.runsupport.Reloader.$anonfun$reload$1(Reloader.scala:495)
	at play.runsupport.Reloader$$anon$1.run(Reloader.scala:58)
	at java.base/java.security.AccessController.doPrivileged(AccessController.java:400)
	at play.runsupport.Reloader$.play$runsupport$Reloader$$withReloaderContextClassLoader(Reloader.scala:64)
	at play.runsupport.Reloader.reload(Reloader.scala:495)
	at play.core.server.DevServerStart$DevServerApplicationProvider$1.get(DevServerStart.scala:189)
	at play.core.server.PekkoHttpServer.handleRequest(PekkoHttpServer.scala:320)
	at play.core.server.PekkoHttpServer.$anonfun$createServerBinding$1(PekkoHttpServer.scala:224)
	at org.apache.pekko.stream.impl.fusing.MapAsync$$anon$30.onPush(Ops.scala:1322)
	at org.apache.pekko.stream.impl.fusing.GraphInterpreter.processPush(GraphInterpreter.scala:555)
	at org.apache.pekko.stream.impl.fusing.GraphInterpreter.processEvent(GraphInterpreter.scala:506)
	at org.apache.pekko.stream.impl.fusing.GraphInterpreter.execute(GraphInterpreter.scala:400)
	at org.apache.pekko.stream.impl.fusing.GraphInterpreterShell.runBatch(ActorGraphInterpreter.scala:662)
	at org.apache.pekko.stream.impl.fusing.GraphInterpreterShell$AsyncInput.execute(ActorGraphInterpreter.scala:532)
	at org.apache.pekko.stream.impl.fusing.GraphInterpreterShell.processEvent(ActorGraphInterpreter.scala:637)
	at org.apache.pekko.stream.impl.fusing.ActorGraphInterpreter.org$apache$pekko$stream$impl$fusing$ActorGraphInterpreter$$processEvent(ActorGraphInterpreter.scala:813)
	at org.apache.pekko.stream.impl.fusing.ActorGraphInterpreter$$anonfun$receive$1.applyOrElse(ActorGraphInterpreter.scala:831)
	at org.apache.pekko.actor.Actor.aroundReceive(Actor.scala:547)
	at org.apache.pekko.actor.Actor.aroundReceive$(Actor.scala:545)
	at org.apache.pekko.stream.impl.fusing.ActorGraphInterpreter.aroundReceive(ActorGraphInterpreter.scala:729)
	at org.apache.pekko.actor.ActorCell.receiveMessage(ActorCell.scala:590)
	at org.apache.pekko.actor.ActorCell.invoke(ActorCell.scala:557)
	at org.apache.pekko.dispatch.Mailbox.processMailbox(Mailbox.scala:280)
	at org.apache.pekko.dispatch.Mailbox.run(Mailbox.scala:241)
	at org.apache.pekko.dispatch.Mailbox.exec(Mailbox.scala:253)
	at java.base/java.util.concurrent.ForkJoinTask.doExec(ForkJoinTask.java:387)
	at java.base/java.util.concurrent.ForkJoinPool$WorkQueue.topLevelExec(ForkJoinPool.java:1312)
	at java.base/java.util.concurrent.ForkJoinPool.scan(ForkJoinPool.java:1843)
	at java.base/java.util.concurrent.ForkJoinPool.runWorker(ForkJoinPool.java:1808)
	at java.base/java.util.concurrent.ForkJoinWorkerThread.run(ForkJoinWorkerThread.java:188)
2024-02-16 22:22:57 [1;31mERROR[0;39m [36mplay.api.http.DevHttpErrorHandler[0;39m [35m[0;39m 

! @84hbf5kei - Internal server error, for (GET) [/hello?name=Thiago] ->
 
play.sbt.PlayExceptions$CompilationException: Compilation error[not found: value name]
	at play.sbt.PlayExceptions$CompilationException$.apply(PlayExceptions.scala:28)
	at play.sbt.PlayExceptions$CompilationException$.apply(PlayExceptions.scala:28)
	at scala.Option.map(Option.scala:230)
	at play.sbt.run.PlayReload$.$anonfun$taskFailureHandler$8(PlayReload.scala:119)
	at scala.Option.map(Option.scala:230)
	at play.sbt.run.PlayReload$.taskFailureHandler(PlayReload.scala:92)
	at play.sbt.run.PlayReload$.$anonfun$compile$3(PlayReload.scala:144)
	at scala.util.Either$LeftProjection.map(Either.scala:573)
	at play.sbt.run.PlayReload$.compile(PlayReload.scala:144)
	at sbt.PlayRun$.$anonfun$playRunTask$5(PlayRun.scala:99)
	at play.runsupport.Reloader.$anonfun$reload$1(Reloader.scala:495)
	at play.runsupport.Reloader$$anon$1.run(Reloader.scala:58)
	at java.base/java.security.AccessController.doPrivileged(AccessController.java:400)
	at play.runsupport.Reloader$.play$runsupport$Reloader$$withReloaderContextClassLoader(Reloader.scala:64)
	at play.runsupport.Reloader.reload(Reloader.scala:495)
	at play.core.server.DevServerStart$DevServerApplicationProvider$1.get(DevServerStart.scala:189)
	at play.core.server.PekkoHttpServer.handleRequest(PekkoHttpServer.scala:320)
	at play.core.server.PekkoHttpServer.$anonfun$createServerBinding$1(PekkoHttpServer.scala:224)
	at org.apache.pekko.stream.impl.fusing.MapAsync$$anon$30.onPush(Ops.scala:1322)
	at org.apache.pekko.stream.impl.fusing.GraphInterpreter.processPush(GraphInterpreter.scala:555)
	at org.apache.pekko.stream.impl.fusing.GraphInterpreter.processEvent(GraphInterpreter.scala:506)
	at org.apache.pekko.stream.impl.fusing.GraphInterpreter.execute(GraphInterpreter.scala:400)
	at org.apache.pekko.stream.impl.fusing.GraphInterpreterShell.runBatch(ActorGraphInterpreter.scala:662)
	at org.apache.pekko.stream.impl.fusing.GraphInterpreterShell$AsyncInput.execute(ActorGraphInterpreter.scala:532)
	at org.apache.pekko.stream.impl.fusing.GraphInterpreterShell.processEvent(ActorGraphInterpreter.scala:637)
	at org.apache.pekko.stream.impl.fusing.ActorGraphInterpreter.org$apache$pekko$stream$impl$fusing$ActorGraphInterpreter$$processEvent(ActorGraphInterpreter.scala:813)
	at org.apache.pekko.stream.impl.fusing.ActorGraphInterpreter$$anonfun$receive$1.applyOrElse(ActorGraphInterpreter.scala:831)
	at org.apache.pekko.actor.Actor.aroundReceive(Actor.scala:547)
	at org.apache.pekko.actor.Actor.aroundReceive$(Actor.scala:545)
	at org.apache.pekko.stream.impl.fusing.ActorGraphInterpreter.aroundReceive(ActorGraphInterpreter.scala:729)
	at org.apache.pekko.actor.ActorCell.receiveMessage(ActorCell.scala:590)
	at org.apache.pekko.actor.ActorCell.invoke(ActorCell.scala:557)
	at org.apache.pekko.dispatch.Mailbox.processMailbox(Mailbox.scala:280)
	at org.apache.pekko.dispatch.Mailbox.run(Mailbox.scala:241)
	at org.apache.pekko.dispatch.Mailbox.exec(Mailbox.scala:253)
	at java.base/java.util.concurrent.ForkJoinTask.doExec(ForkJoinTask.java:387)
	at java.base/java.util.concurrent.ForkJoinPool$WorkQueue.topLevelExec(ForkJoinPool.java:1312)
	at java.base/java.util.concurrent.ForkJoinPool.scan(ForkJoinPool.java:1843)
	at java.base/java.util.concurrent.ForkJoinPool.runWorker(ForkJoinPool.java:1808)
	at java.base/java.util.concurrent.ForkJoinWorkerThread.run(ForkJoinWorkerThread.java:188)
2024-02-16 22:23:32 [1;31mERROR[0;39m [36mplay.api.http.DevHttpErrorHandler[0;39m [35m[0;39m 

! @84hbf7li2 - Internal server error, for (GET) [/hello?name=Thiago] ->
 
play.sbt.PlayExceptions$CompilationException: Compilation error[no arguments allowed for nullary method apply: (): play.twirl.api.HtmlFormat.Appendable in object hello]
	at play.sbt.PlayExceptions$CompilationException$.apply(PlayExceptions.scala:28)
	at play.sbt.PlayExceptions$CompilationException$.apply(PlayExceptions.scala:28)
	at scala.Option.map(Option.scala:230)
	at play.sbt.run.PlayReload$.$anonfun$taskFailureHandler$8(PlayReload.scala:119)
	at scala.Option.map(Option.scala:230)
	at play.sbt.run.PlayReload$.taskFailureHandler(PlayReload.scala:92)
	at play.sbt.run.PlayReload$.$anonfun$compile$3(PlayReload.scala:144)
	at scala.util.Either$LeftProjection.map(Either.scala:573)
	at play.sbt.run.PlayReload$.compile(PlayReload.scala:144)
	at sbt.PlayRun$.$anonfun$playRunTask$5(PlayRun.scala:99)
	at play.runsupport.Reloader.$anonfun$reload$1(Reloader.scala:495)
	at play.runsupport.Reloader$$anon$1.run(Reloader.scala:58)
	at java.base/java.security.AccessController.doPrivileged(AccessController.java:400)
	at play.runsupport.Reloader$.play$runsupport$Reloader$$withReloaderContextClassLoader(Reloader.scala:64)
	at play.runsupport.Reloader.reload(Reloader.scala:495)
	at play.core.server.DevServerStart$DevServerApplicationProvider$1.get(DevServerStart.scala:189)
	at play.core.server.PekkoHttpServer.handleRequest(PekkoHttpServer.scala:320)
	at play.core.server.PekkoHttpServer.$anonfun$createServerBinding$1(PekkoHttpServer.scala:224)
	at org.apache.pekko.stream.impl.fusing.MapAsync$$anon$30.onPush(Ops.scala:1322)
	at org.apache.pekko.stream.impl.fusing.GraphInterpreter.processPush(GraphInterpreter.scala:555)
	at org.apache.pekko.stream.impl.fusing.GraphInterpreter.processEvent(GraphInterpreter.scala:506)
	at org.apache.pekko.stream.impl.fusing.GraphInterpreter.execute(GraphInterpreter.scala:400)
	at org.apache.pekko.stream.impl.fusing.GraphInterpreterShell.runBatch(ActorGraphInterpreter.scala:662)
	at org.apache.pekko.stream.impl.fusing.GraphInterpreterShell$AsyncInput.execute(ActorGraphInterpreter.scala:532)
	at org.apache.pekko.stream.impl.fusing.GraphInterpreterShell.processEvent(ActorGraphInterpreter.scala:637)
	at org.apache.pekko.stream.impl.fusing.ActorGraphInterpreter.org$apache$pekko$stream$impl$fusing$ActorGraphInterpreter$$processEvent(ActorGraphInterpreter.scala:813)
	at org.apache.pekko.stream.impl.fusing.ActorGraphInterpreter$$anonfun$receive$1.applyOrElse(ActorGraphInterpreter.scala:831)
	at org.apache.pekko.actor.Actor.aroundReceive(Actor.scala:547)
	at org.apache.pekko.actor.Actor.aroundReceive$(Actor.scala:545)
	at org.apache.pekko.stream.impl.fusing.ActorGraphInterpreter.aroundReceive(ActorGraphInterpreter.scala:729)
	at org.apache.pekko.actor.ActorCell.receiveMessage(ActorCell.scala:590)
	at org.apache.pekko.actor.ActorCell.invoke(ActorCell.scala:557)
	at org.apache.pekko.dispatch.Mailbox.processMailbox(Mailbox.scala:280)
	at org.apache.pekko.dispatch.Mailbox.run(Mailbox.scala:241)
	at org.apache.pekko.dispatch.Mailbox.exec(Mailbox.scala:253)
	at java.base/java.util.concurrent.ForkJoinTask.doExec(ForkJoinTask.java:387)
	at java.base/java.util.concurrent.ForkJoinPool$WorkQueue.topLevelExec(ForkJoinPool.java:1312)
	at java.base/java.util.concurrent.ForkJoinPool.scan(ForkJoinPool.java:1843)
	at java.base/java.util.concurrent.ForkJoinPool.runWorker(ForkJoinPool.java:1808)
	at java.base/java.util.concurrent.ForkJoinWorkerThread.run(ForkJoinWorkerThread.java:188)
2024-02-16 22:25:10 [34mINFO [0;39m [36mp.a.http.HttpErrorHandlerExceptions[0;39m [35m[0;39m Registering exception handler: guice-provision-exception-handler
2024-02-16 22:25:10 [34mINFO [0;39m [36mplay.api.http.EnabledFilters[0;39m [35m[0;39m Enabled Filters (see <https://www.playframework.com/documentation/latest/Filters>):

    play.filters.csrf.CSRFFilter
    play.filters.headers.SecurityHeadersFilter
    play.filters.hosts.AllowedHostsFilter

2024-02-16 22:25:10 [34mINFO [0;39m [36mplay.api.Play[0;39m [35m[0;39m Application started (Dev) (no global state)
2024-02-16 22:25:59 [34mINFO [0;39m [36mp.a.i.l.c.CoordinatedShutdownSupport[0;39m [35m[0;39m Starting synchronous coordinated shutdown with ServerStoppedReason reason and 40000 milliseconds timeout
2024-02-16 22:25:59 [34mINFO [0;39m [36mplay.core.server.PekkoHttpServer[0;39m [35m[0;39m Stopping Pekko HTTP server...
2024-02-16 22:25:59 [34mINFO [0;39m [36mplay.core.server.PekkoHttpServer[0;39m [35m[0;39m Unbinding /[0:0:0:0:0:0:0:0]:9000
2024-02-16 22:25:59 [34mINFO [0;39m [36mplay.core.server.PekkoHttpServer[0;39m [35m[0;39m Terminating server binding for /[0:0:0:0:0:0:0:0]:9000
2024-02-16 22:25:59 [34mINFO [0;39m [36mplay.core.server.PekkoHttpServer[0;39m [35m[0;39m Running provided shutdown stop hooks
