[0m[[0m[0mdebug[0m] [0m[0m> Exec(run, None, None)[0m
[0m[[0m[0mdebug[0m] [0m[0mEvaluating tasks: Compile / run[0m
[0m[[0m[0mdebug[0m] [0m[0mRunning task... Cancel: Signal, check cycles: false, forcegc: true[0m
[0m[[0m[31merror[0m] [0m[0mjava.lang.NumberFormatException: For input string: ""[0m
[0m[[0m[31merror[0m] [0m[0m	at java.base/java.lang.NumberFormatException.forInputString(NumberFormatException.java:67)[0m
[0m[[0m[31merror[0m] [0m[0m	at java.base/java.lang.Integer.parseInt(Integer.java:671)[0m
[0m[[0m[31merror[0m] [0m[0m	at java.base/java.lang.Byte.parseByte(Byte.java:193)[0m
[0m[[0m[31merror[0m] [0m[0m	at java.base/java.lang.Byte.parseByte(Byte.java:219)[0m
[0m[[0m[31merror[0m] [0m[0m	at scala.collection.StringOps$.toByte$extension(StringOps.scala:884)[0m
[0m[[0m[31merror[0m] [0m[0m	at Datatypes$package$.datatypes(Datatypes.scala:20)[0m
[0m[[0m[31merror[0m] [0m[0m	at datatypes.main(Datatypes.scala:3)[0m
[0m[[0m[31merror[0m] [0m[0m	at java.base/jdk.internal.reflect.DirectMethodHandleAccessor.invoke(DirectMethodHandleAccessor.java:103)[0m
[0m[[0m[31merror[0m] [0m[0m	at java.base/java.lang.reflect.Method.invoke(Method.java:580)[0m
[0m[[0m[31merror[0m] [0m[0m	at sbt.Run.invokeMain(Run.scala:144)[0m
[0m[[0m[31merror[0m] [0m[0m	at sbt.Run.execute$1(Run.scala:94)[0m
[0m[[0m[31merror[0m] [0m[0m	at sbt.Run.$anonfun$runWithLoader$5(Run.scala:121)[0m
[0m[[0m[31merror[0m] [0m[0m	at sbt.Run$.executeSuccess(Run.scala:187)[0m
[0m[[0m[31merror[0m] [0m[0m	at sbt.Run.runWithLoader(Run.scala:121)[0m
[0m[[0m[31merror[0m] [0m[0m	at sbt.Defaults$.$anonfun$bgRunTask$6(Defaults.scala:2038)[0m
[0m[[0m[31merror[0m] [0m[0m	at sbt.Defaults$.$anonfun$termWrapper$2(Defaults.scala:1977)[0m
[0m[[0m[31merror[0m] [0m[0m	at scala.runtime.java8.JFunction0$mcV$sp.apply(JFunction0$mcV$sp.java:23)[0m
[0m[[0m[31merror[0m] [0m[0m	at scala.util.Try$.apply(Try.scala:213)[0m
[0m[[0m[31merror[0m] [0m[0m	at sbt.internal.BackgroundThreadPool$BackgroundRunnable.run(DefaultBackgroundJobService.scala:367)[0m
[0m[[0m[31merror[0m] [0m[0m	at java.base/java.util.concurrent.ThreadPoolExecutor.runWorker(ThreadPoolExecutor.java:1144)[0m
[0m[[0m[31merror[0m] [0m[0m	at java.base/java.util.concurrent.ThreadPoolExecutor$Worker.run(ThreadPoolExecutor.java:642)[0m
[0m[[0m[31merror[0m] [0m[0m	at java.base/java.lang.Thread.run(Thread.java:1583)[0m
[0m[[0m[31merror[0m] [0m[0m(Compile / [31mrun[0m) java.lang.NumberFormatException: For input string: ""[0m
[0m[[0m[31merror[0m] [0m[0mTotal time: 3 s, completed 9 de jan. de 2025 21:22:25[0m
[0m[[0m[0mdebug[0m] [0m[0m> Exec(idea-shell, None, None)[0m
